<?xml version="1.0" encoding="UTF-8"?><testsuite errors="0" failures="1" name="Login" skipped="0" tests="1" time="200.56" timestamp="2021-07-06 06:33:19"><testcase name="user can access to create package in drive"><failure message="Expected enabled element was not enabled" type="net.thucydides.core.webdriver.exceptions.ElementShouldBeEnabledException">Expected enabled element was not enabled</failure><system-err>Expected enabled element was not enabled&#13;
com.google.certification.tasks.OpenDrive.performAs(OpenDrive.java:16)&#13;
com.google.stepdefinitions.Gdrive.userClickOnDriveMenuOption(Gdrive.java:13)&#13;
cucumber.runner.Runner.runPickle(Runner.java:80)&#13;
</system-err></testcase></testsuite>