<?xml version="1.0" encoding="UTF-8"?><testsuite errors="0" failures="1" name="Login" skipped="0" tests="1" time="107.86" timestamp="2021-07-06 04:26:32"><testcase name="user can access to drive"><failure message="&#10;Expected: an element that is visible&#10;     but: no matching element found by xpath: //div[@class='gb_zf']//a[@class='gb_C']" type="java.lang.AssertionError">
Expected: an element that is visible
     but: no matching element found by xpath: //div[@class='gb_zf']//a[@class='gb_C']</failure><system-err>
Expected: an element that is visible
     but: no matching element found by xpath: //div[@class='gb_zf']//a[@class='gb_C']&#13;
com.google.certification.tasks.Wait.performAs(Wait.java:23)&#13;
com.google.certification.tasks.LoginUser.performAs(LoginUser.java:24)&#13;
com.google.stepdefinitions.Form.that_user_want_do_login(Login.java:40)&#13;
cucumber.runner.Runner.runPickle(Runner.java:80)&#13;
</system-err></testcase></testsuite>